Flow report for MATMUL
Mon Sep 25 11:43:13 2023
Quartus Prime Version 22.1std.2 Build 922 07/20/2023 SC Lite Edition


---------------------
; Table of Contents ;
---------------------
  1. Legal Notice
  2. Flow Summary
  3. Flow Settings
  4. Flow Non-Default Global Settings
  5. Flow Elapsed Time
  6. Flow OS Summary
  7. Flow Log
  8. Flow Messages
  9. Flow Suppressed Messages



----------------
; Legal Notice ;
----------------
Copyright (C) 2023  Intel Corporation. All rights reserved.
Your use of Intel Corporation's design tools, logic functions 
and other software and tools, and any partner logic 
functions, and any output files from any of the foregoing 
(including device programming or simulation files), and any 
associated documentation or information are expressly subject 
to the terms and conditions of the Intel Program License 
Subscription Agreement, the Intel Quartus Prime License Agreement,
the Intel FPGA IP License Agreement, or other applicable license
agreement, including, without limitation, that your use is for
the sole purpose of programming logic devices manufactured by
Intel and sold by Intel or its authorized distributors.  Please
refer to the applicable agreement for further details, at
https://fpgasoftware.intel.com/eula.



+----------------------------------------------------------------------------------+
; Flow Summary                                                                     ;
+---------------------------------+------------------------------------------------+
; Flow Status                     ; Successful - Mon Sep 25 11:43:13 2023          ;
; Quartus Prime Version           ; 22.1std.2 Build 922 07/20/2023 SC Lite Edition ;
; Revision Name                   ; MATMUL                                         ;
; Top-level Entity Name           ; MATMUL                                         ;
; Family                          ; Cyclone V                                      ;
; Device                          ; 5CSXFC6D6F31C6                                 ;
; Timing Models                   ; Final                                          ;
; Logic utilization (in ALMs)     ; 349 / 41,910 ( < 1 % )                         ;
; Total registers                 ; 576                                            ;
; Total pins                      ; 57 / 499 ( 11 % )                              ;
; Total virtual pins              ; 0                                              ;
; Total block memory bits         ; 2,115,584 / 5,662,720 ( 37 % )                 ;
; Total DSP Blocks                ; 16 / 112 ( 14 % )                              ;
; Total HSSI RX PCSs              ; 0 / 9 ( 0 % )                                  ;
; Total HSSI PMA RX Deserializers ; 0 / 9 ( 0 % )                                  ;
; Total HSSI TX PCSs              ; 0 / 9 ( 0 % )                                  ;
; Total HSSI PMA TX Serializers   ; 0 / 9 ( 0 % )                                  ;
; Total PLLs                      ; 0 / 15 ( 0 % )                                 ;
; Total DLLs                      ; 0 / 4 ( 0 % )                                  ;
+---------------------------------+------------------------------------------------+


+-----------------------------------------+
; Flow Settings                           ;
+-------------------+---------------------+
; Option            ; Setting             ;
+-------------------+---------------------+
; Start date & time ; 09/25/2023 11:40:49 ;
; Main task         ; Compilation         ;
; Revision Name     ; MATMUL              ;
+-------------------+---------------------+


+------------------------------------------------------------------------------------------------------------------------------+
; Flow Non-Default Global Settings                                                                                             ;
+--------------------------------------+----------------------------------------+---------------+-------------+----------------+
; Assignment Name                      ; Value                                  ; Default Value ; Entity Name ; Section Id     ;
+--------------------------------------+----------------------------------------+---------------+-------------+----------------+
; COMPILER_SIGNATURE_ID                ; 238300916320303.169561684920952        ; --            ; --          ; --             ;
; EDA_DESIGN_INSTANCE_NAME             ; NA                                     ; --            ; --          ; TB             ;
; EDA_NATIVELINK_SIMULATION_TEST_BENCH ; TB                                     ; --            ; --          ; eda_simulation ;
; EDA_OUTPUT_DATA_FORMAT               ; Systemverilog Hdl                      ; --            ; --          ; eda_simulation ;
; EDA_SIMULATION_TOOL                  ; Questa Intel FPGA (SystemVerilog)      ; <None>        ; --          ; --             ;
; EDA_TEST_BENCH_ENABLE_STATUS         ; TEST_BENCH_MODE                        ; --            ; --          ; eda_simulation ;
; EDA_TEST_BENCH_FILE                  ; TB.sv                                  ; --            ; --          ; TB             ;
; EDA_TEST_BENCH_FILE                  ; ../../simlib/altera_mf.v               ; --            ; --          ; TB             ;
; EDA_TEST_BENCH_MODULE_NAME           ; TB                                     ; --            ; --          ; TB             ;
; EDA_TEST_BENCH_NAME                  ; TB                                     ; --            ; --          ; eda_simulation ;
; EDA_TIME_SCALE                       ; 1 ps                                   ; --            ; --          ; eda_simulation ;
; MAX_CORE_JUNCTION_TEMP               ; 85                                     ; --            ; --          ; --             ;
; MIN_CORE_JUNCTION_TEMP               ; 0                                      ; --            ; --          ; --             ;
; PARTITION_COLOR                      ; -- (Not supported for targeted family) ; --            ; --          ; Top            ;
; PARTITION_FITTER_PRESERVATION_LEVEL  ; -- (Not supported for targeted family) ; --            ; --          ; Top            ;
; PARTITION_NETLIST_TYPE               ; -- (Not supported for targeted family) ; --            ; --          ; Top            ;
; POWER_BOARD_THERMAL_MODEL            ; None (CONSERVATIVE)                    ; --            ; --          ; --             ;
; POWER_PRESET_COOLING_SOLUTION        ; 23 MM HEAT SINK WITH 200 LFPM AIRFLOW  ; --            ; --          ; --             ;
+--------------------------------------+----------------------------------------+---------------+-------------+----------------+


+--------------------------------------------------------------------------------------------------------------------------+
; Flow Elapsed Time                                                                                                        ;
+----------------------+--------------+-------------------------+---------------------+------------------------------------+
; Module Name          ; Elapsed Time ; Average Processors Used ; Peak Virtual Memory ; Total CPU Time (on all processors) ;
+----------------------+--------------+-------------------------+---------------------+------------------------------------+
; Analysis & Synthesis ; 00:00:11     ; 1.0                     ; 4922 MB             ; 00:00:12                           ;
; Fitter               ; 00:01:43     ; 1.2                     ; 6781 MB             ; 00:03:11                           ;
; Assembler            ; 00:00:10     ; 1.0                     ; 4908 MB             ; 00:00:07                           ;
; Timing Analyzer      ; 00:00:14     ; 2.0                     ; 5276 MB             ; 00:00:17                           ;
; EDA Netlist Writer   ; 00:00:01     ; 1.0                     ; 4822 MB             ; 00:00:01                           ;
; Total                ; 00:02:19     ; --                      ; --                  ; 00:03:48                           ;
+----------------------+--------------+-------------------------+---------------------+------------------------------------+


+------------------------------------------------------------------------------------+
; Flow OS Summary                                                                    ;
+----------------------+------------------+------------+------------+----------------+
; Module Name          ; Machine Hostname ; OS Name    ; OS Version ; Processor type ;
+----------------------+------------------+------------+------------+----------------+
; Analysis & Synthesis ; NTP-17           ; Windows 10 ; 10.0       ; x86_64         ;
; Fitter               ; NTP-17           ; Windows 10 ; 10.0       ; x86_64         ;
; Assembler            ; NTP-17           ; Windows 10 ; 10.0       ; x86_64         ;
; Timing Analyzer      ; NTP-17           ; Windows 10 ; 10.0       ; x86_64         ;
; EDA Netlist Writer   ; NTP-17           ; Windows 10 ; 10.0       ; x86_64         ;
+----------------------+------------------+------------+------------+----------------+


------------
; Flow Log ;
------------
quartus_map --read_settings_files=on --write_settings_files=off MATMUL -c MATMUL
quartus_fit --read_settings_files=off --write_settings_files=off MATMUL -c MATMUL
quartus_asm --read_settings_files=off --write_settings_files=off MATMUL -c MATMUL
quartus_sta MATMUL -c MATMUL
quartus_eda --read_settings_files=off --write_settings_files=off MATMUL -c MATMUL



